The system is: Linux - 4.1.15-1-MANJARO - x86_64
Compiling the C compiler identification source file "CMakeCCompilerId.c" succeeded.
Compiler: /opt/intel/composerxe/linux/mpi/intel64/bin/mpiicc 
Build flags: 
Id flags: 

The output was:
0


Compilation of the C compiler identification source "CMakeCCompilerId.c" produced "a.out"

The C compiler identification is Intel, found in "/home/ruman/Project/ae_smoothlife/build/CMakeFiles/3.4.1/CompilerIdC/a.out"

Compiling the CXX compiler identification source file "CMakeCXXCompilerId.cpp" succeeded.
Compiler: /opt/intel/composerxe/linux/mpi/intel64/bin/mpiicpc 
Build flags: 
Id flags: 

The output was:
0


Compilation of the CXX compiler identification source "CMakeCXXCompilerId.cpp" produced "a.out"

The CXX compiler identification is Intel, found in "/home/ruman/Project/ae_smoothlife/build/CMakeFiles/3.4.1/CompilerIdCXX/a.out"

Determining if the C compiler works passed with the following output:
Change Dir: /home/ruman/Project/ae_smoothlife/build/CMakeFiles/CMakeTmp

Run Build Command:"/usr/bin/make" "cmTC_45c42/fast"
/usr/bin/make -f CMakeFiles/cmTC_45c42.dir/build.make CMakeFiles/cmTC_45c42.dir/build
make[1]: Entering directory '/home/ruman/Project/ae_smoothlife/build/CMakeFiles/CMakeTmp'
Building C object CMakeFiles/cmTC_45c42.dir/testCCompiler.c.o
/opt/intel/composerxe/linux/mpi/intel64/bin/mpiicc     -o CMakeFiles/cmTC_45c42.dir/testCCompiler.c.o   -c /home/ruman/Project/ae_smoothlife/build/CMakeFiles/CMakeTmp/testCCompiler.c
Linking C executable cmTC_45c42
/usr/bin/cmake -E cmake_link_script CMakeFiles/cmTC_45c42.dir/link.txt --verbose=1
/opt/intel/composerxe/linux/mpi/intel64/bin/mpiicc       CMakeFiles/cmTC_45c42.dir/testCCompiler.c.o  -o cmTC_45c42 -rdynamic 
make[1]: Leaving directory '/home/ruman/Project/ae_smoothlife/build/CMakeFiles/CMakeTmp'


Detecting C compiler ABI info compiled with the following output:
Change Dir: /home/ruman/Project/ae_smoothlife/build/CMakeFiles/CMakeTmp

Run Build Command:"/usr/bin/make" "cmTC_39154/fast"
/usr/bin/make -f CMakeFiles/cmTC_39154.dir/build.make CMakeFiles/cmTC_39154.dir/build
make[1]: Entering directory '/home/ruman/Project/ae_smoothlife/build/CMakeFiles/CMakeTmp'
Building C object CMakeFiles/cmTC_39154.dir/CMakeCCompilerABI.c.o
/opt/intel/composerxe/linux/mpi/intel64/bin/mpiicc     -o CMakeFiles/cmTC_39154.dir/CMakeCCompilerABI.c.o   -c /usr/share/cmake-3.4/Modules/CMakeCCompilerABI.c
Linking C executable cmTC_39154
/usr/bin/cmake -E cmake_link_script CMakeFiles/cmTC_39154.dir/link.txt --verbose=1
/opt/intel/composerxe/linux/mpi/intel64/bin/mpiicc      -v CMakeFiles/cmTC_39154.dir/CMakeCCompilerABI.c.o  -o cmTC_39154 -rdynamic  
mpiicc for the Intel(R) MPI Library 5.1.2 for Linux*
Copyright(C) 2003-2015, Intel Corporation.  All rights reserved.
icc version 16.0.1 (gcc version 5.3.0 compatibility)
/opt/intel/compilers_and_libraries_2016.1.150/linux/bin/intel64/mcpcom    -mGLOB_em64t=TRUE -mP1OPT_version=16.0-intel64 -mGLOB_diag_file=CMakeFiles/cmTC_39154.dir/CMakeCCompilerABI.c.diag -mP1OPT_print_version=FALSE -mCG_use_gas_got_workaround=F -mP2OPT_align_option_used=TRUE -mGLOB_gcc_version=530 "-mGLOB_options_string=-I/opt/intel/composerxe/linux/mpi/intel64/include -v -o cmTC_39154 -rdynamic -L/opt/intel/composerxe/linux/mpi/intel64/lib/release_mt -L/opt/intel/composerxe/linux/mpi/intel64/lib -Xlinker --enable-new-dtags -Xlinker -rpath -Xlinker /opt/intel/composerxe/linux/mpi/intel64/lib/release_mt -Xlinker -rpath -Xlinker /opt/intel/composerxe/linux/mpi/intel64/lib -Xlinker -rpath -Xlinker /opt/intel/mpi-rt/5.1/intel64/lib/release_mt -Xlinker -rpath -Xlinker /opt/intel/mpi-rt/5.1/intel64/lib -lmpifort -lmpi -lmpigi -ldl -lrt -lpthread" -mGLOB_cxx_limited_range=FALSE -mCG_extend_parms=FALSE -mGLOB_compiler_bin_directory=/opt/intel/compilers_and_libraries_2016.1.150/linux/bin/intel64 -mGLOB_as_output_backup_file_name=/tmp/icc2eFxsuas_.s -mGLOB_dashboard_use_source_name -mIPOPT_activate -mGLOB_product_id_code=0x22006d91 -mP3OPT_use_mspp_call_convention -mP2OPT_subs_out_of_bound=FALSE -mP2OPT_disam_type_based_disam=2 -mP2OPT_disam_assume_ansi_c -mP2OPT_checked_disam_ansi_alias=TRUE -mGLOB_ansi_alias -mPGOPTI_value_profile_use=T -mGLOB_opt_report_use_source_name -mP2OPT_il0_array_sections=TRUE -mGLOB_offload_mode=1 -mP2OPT_offload_unique_var_string=icc01015388902289IA5Oj -mP2OPT_hlo -mP2OPT_hpo_rtt_control=0 -mIPOPT_args_in_regs=0 -mP2OPT_disam_assume_nonstd_intent_in=FALSE -mGLOB_imf_mapping_library=/opt/intel/compilers_and_libraries_2016.1.150/linux/bin/intel64/libiml_attr.so -mPGOPTI_gen_threadsafe_level=0 -mIPOPT_link -mIPOPT_ipo_activate -mIPOPT_mo_activate -mIPOPT_source_files_list=/tmp/iccslisNSn9X1 -mIPOPT_mo_global_data -mIPOPT_link_script_file=/tmp/iccscriptUZsQsb "-mIPOPT_cmdline_link="/usr/lib/gcc/x86_64-unknown-linux-gnu/5.3.0/../../../../lib64/crt1.o" "/usr/lib/gcc/x86_64-unknown-linux-gnu/5.3.0/../../../../lib64/crti.o" "/usr/lib/gcc/x86_64-unknown-linux-gnu/5.3.0/crtbegin.o" "-export-dynamic" "--eh-frame-hdr" "--build-id" "-dynamic-linker" "/lib64/ld-linux-x86-64.so.2" "-m" "elf_x86_64" "-L/opt/intel/composerxe/linux/mpi/intel64/lib/release_mt" "-L/opt/intel/composerxe/linux/mpi/intel64/lib" "-o" "cmTC_39154" "-L/opt/intel/compilers_and_libraries_2016.1.150/linux/compiler/lib/intel64_lin" "-L/usr/lib/gcc/x86_64-unknown-linux-gnu/5.3.0/" "-L/usr/lib/gcc/x86_64-unknown-linux-gnu/5.3.0/../../../../lib64" "-L/usr/lib/gcc/x86_64-unknown-linux-gnu/5.3.0/../../../../lib/" "-L/lib/../lib64" "-L/lib/../lib/" "-L/usr/lib/../lib64" "-L/usr/lib/../lib/" "-L/usr/lib/gcc/x86_64-unknown-linux-gnu/5.3.0/../../../" "-L/lib64" "-L/lib/" "-L/usr/lib64" "-L/usr/lib" "CMakeFiles/cmTC_39154.dir/CMakeCCompilerABI.c.o" "--enable-new-dtags" "-rpath" "/opt/intel/composerxe/linux/mpi/intel64/lib/release_mt" "-rpath" "/opt/intel/composerxe/linux/mpi/intel64/lib" "-rpath" "/opt/intel/mpi-rt/5.1/intel64/lib/release_mt" "-rpath" "/opt/intel/mpi-rt/5.1/intel64/lib" "-lmpifort" "-lmpi" "-lmpigi" "-ldl" "-lrt" "-lpthread" "-Bdynamic" "-Bstatic" "-limf" "-lsvml" "-lirng" "-Bdynamic" "-lm" "-Bstatic" "-lipgo" "-ldecimal" "--as-needed" "-Bdynamic" "-lcilkrts" "-lstdc++" "--no-as-needed" "-lgcc" "-lgcc_s" "-Bstatic" "-lirc" "-lsvml" "-Bdynamic" "-lc" "-lgcc" "-lgcc_s" "-Bstatic" "-lirc_s" "-Bdynamic" "-ldl" "-lc" "/usr/lib/gcc/x86_64-unknown-linux-gnu/5.3.0/crtend.o" "/usr/lib/gcc/x86_64-unknown-linux-gnu/5.3.0/../../../../lib64/crtn.o"" -mIPOPT_il_in_obj -mIPOPT_ipo_activate_warn=FALSE -mIPOPT_obj_output_file_name=/tmp/ipo_iccYTFZZ6.o -mIPOPT_whole_archive_fixup_file_name=/tmp/iccwarchNKT2F1 -mGLOB_linker_version=2.25.1 -mGLOB_long_size_64 -mGLOB_routine_pointer_size_64 -mGLOB_driver_tempfile_name=/tmp/icctempfileiAJydb -mP3OPT_asm_target=P3OPT_ASM_TARGET_GAS -mGLOB_async_unwind_tables=TRUE -mGLOB_obj_output_file=/tmp/ipo_iccYTFZZ6.o -mGLOB_source_dialect=GLOB_SOURCE_DIALECT_NONE -mP1OPT_source_file_name=ipo_out.c CMakeFiles/cmTC_39154.dir/CMakeCCompilerABI.c.o -mIPOPT_object_files=T -mIPOPT_assembly_files=/tmp/iccalisenpnZp -mIPOPT_generated_tempfiles=/tmp/iccelisa4k4tz -mIPOPT_embedded_object_base_name=/tmp/icceobjiwjLYI -mIPOPT_cmdline_link_new_name=/tmp/iccllisTFkstS
ld    /usr/lib/gcc/x86_64-unknown-linux-gnu/5.3.0/../../../../lib64/crt1.o /usr/lib/gcc/x86_64-unknown-linux-gnu/5.3.0/../../../../lib64/crti.o /usr/lib/gcc/x86_64-unknown-linux-gnu/5.3.0/crtbegin.o -export-dynamic --eh-frame-hdr --build-id -dynamic-linker /lib64/ld-linux-x86-64.so.2 -m elf_x86_64 -L/opt/intel/composerxe/linux/mpi/intel64/lib/release_mt -L/opt/intel/composerxe/linux/mpi/intel64/lib -o cmTC_39154 -L/opt/intel/compilers_and_libraries_2016.1.150/linux/compiler/lib/intel64_lin -L/usr/lib/gcc/x86_64-unknown-linux-gnu/5.3.0/ -L/usr/lib/gcc/x86_64-unknown-linux-gnu/5.3.0/../../../../lib64 -L/usr/lib/gcc/x86_64-unknown-linux-gnu/5.3.0/../../../../lib/ -L/lib/../lib64 -L/lib/../lib/ -L/usr/lib/../lib64 -L/usr/lib/../lib/ -L/usr/lib/gcc/x86_64-unknown-linux-gnu/5.3.0/../../../ -L/lib64 -L/lib/ -L/usr/lib64 -L/usr/lib CMakeFiles/cmTC_39154.dir/CMakeCCompilerABI.c.o --enable-new-dtags -rpath /opt/intel/composerxe/linux/mpi/intel64/lib/release_mt -rpath /opt/intel/composerxe/linux/mpi/intel64/lib -rpath /opt/intel/mpi-rt/5.1/intel64/lib/release_mt -rpath /opt/intel/mpi-rt/5.1/intel64/lib -lmpifort -lmpi -lmpigi -ldl -lrt -lpthread -Bdynamic -Bstatic -limf -lsvml -lirng -Bdynamic -lm -Bstatic -lipgo -ldecimal --as-needed -Bdynamic -lcilkrts -lstdc++ --no-as-needed -lgcc -lgcc_s -Bstatic -lirc -lsvml -Bdynamic -lc -lgcc -lgcc_s -Bstatic -lirc_s -Bdynamic -ldl -lc /usr/lib/gcc/x86_64-unknown-linux-gnu/5.3.0/crtend.o /usr/lib/gcc/x86_64-unknown-linux-gnu/5.3.0/../../../../lib64/crtn.o
make[1]: Leaving directory '/home/ruman/Project/ae_smoothlife/build/CMakeFiles/CMakeTmp'


Parsed C implicit link information from above output:
  link line regex: [^( *|.*[/\])(ld|([^/\]+-)?ld|collect2)[^/\]*( |$)]
  ignore line: [Change Dir: /home/ruman/Project/ae_smoothlife/build/CMakeFiles/CMakeTmp]
  ignore line: []
  ignore line: [Run Build Command:"/usr/bin/make" "cmTC_39154/fast"]
  ignore line: [/usr/bin/make -f CMakeFiles/cmTC_39154.dir/build.make CMakeFiles/cmTC_39154.dir/build]
  ignore line: [make[1]: Entering directory '/home/ruman/Project/ae_smoothlife/build/CMakeFiles/CMakeTmp']
  ignore line: [Building C object CMakeFiles/cmTC_39154.dir/CMakeCCompilerABI.c.o]
  ignore line: [/opt/intel/composerxe/linux/mpi/intel64/bin/mpiicc     -o CMakeFiles/cmTC_39154.dir/CMakeCCompilerABI.c.o   -c /usr/share/cmake-3.4/Modules/CMakeCCompilerABI.c]
  ignore line: [Linking C executable cmTC_39154]
  ignore line: [/usr/bin/cmake -E cmake_link_script CMakeFiles/cmTC_39154.dir/link.txt --verbose=1]
  ignore line: [/opt/intel/composerxe/linux/mpi/intel64/bin/mpiicc      -v CMakeFiles/cmTC_39154.dir/CMakeCCompilerABI.c.o  -o cmTC_39154 -rdynamic  ]
  ignore line: [mpiicc for the Intel(R) MPI Library 5.1.2 for Linux*]
  ignore line: [Copyright(C) 2003-2015, Intel Corporation.  All rights reserved.]
  ignore line: [icc version 16.0.1 (gcc version 5.3.0 compatibility)]
  ignore line: [/opt/intel/compilers_and_libraries_2016.1.150/linux/bin/intel64/mcpcom    -mGLOB_em64t=TRUE -mP1OPT_version=16.0-intel64 -mGLOB_diag_file=CMakeFiles/cmTC_39154.dir/CMakeCCompilerABI.c.diag -mP1OPT_print_version=FALSE -mCG_use_gas_got_workaround=F -mP2OPT_align_option_used=TRUE -mGLOB_gcc_version=530 "-mGLOB_options_string=-I/opt/intel/composerxe/linux/mpi/intel64/include -v -o cmTC_39154 -rdynamic -L/opt/intel/composerxe/linux/mpi/intel64/lib/release_mt -L/opt/intel/composerxe/linux/mpi/intel64/lib -Xlinker --enable-new-dtags -Xlinker -rpath -Xlinker /opt/intel/composerxe/linux/mpi/intel64/lib/release_mt -Xlinker -rpath -Xlinker /opt/intel/composerxe/linux/mpi/intel64/lib -Xlinker -rpath -Xlinker /opt/intel/mpi-rt/5.1/intel64/lib/release_mt -Xlinker -rpath -Xlinker /opt/intel/mpi-rt/5.1/intel64/lib -lmpifort -lmpi -lmpigi -ldl -lrt -lpthread" -mGLOB_cxx_limited_range=FALSE -mCG_extend_parms=FALSE -mGLOB_compiler_bin_directory=/opt/intel/compilers_and_libraries_2016.1.150/linux/bin/intel64 -mGLOB_as_output_backup_file_name=/tmp/icc2eFxsuas_.s -mGLOB_dashboard_use_source_name -mIPOPT_activate -mGLOB_product_id_code=0x22006d91 -mP3OPT_use_mspp_call_convention -mP2OPT_subs_out_of_bound=FALSE -mP2OPT_disam_type_based_disam=2 -mP2OPT_disam_assume_ansi_c -mP2OPT_checked_disam_ansi_alias=TRUE -mGLOB_ansi_alias -mPGOPTI_value_profile_use=T -mGLOB_opt_report_use_source_name -mP2OPT_il0_array_sections=TRUE -mGLOB_offload_mode=1 -mP2OPT_offload_unique_var_string=icc01015388902289IA5Oj -mP2OPT_hlo -mP2OPT_hpo_rtt_control=0 -mIPOPT_args_in_regs=0 -mP2OPT_disam_assume_nonstd_intent_in=FALSE -mGLOB_imf_mapping_library=/opt/intel/compilers_and_libraries_2016.1.150/linux/bin/intel64/libiml_attr.so -mPGOPTI_gen_threadsafe_level=0 -mIPOPT_link -mIPOPT_ipo_activate -mIPOPT_mo_activate -mIPOPT_source_files_list=/tmp/iccslisNSn9X1 -mIPOPT_mo_global_data -mIPOPT_link_script_file=/tmp/iccscriptUZsQsb "-mIPOPT_cmdline_link="/usr/lib/gcc/x86_64-unknown-linux-gnu/5.3.0/../../../../lib64/crt1.o" "/usr/lib/gcc/x86_64-unknown-linux-gnu/5.3.0/../../../../lib64/crti.o" "/usr/lib/gcc/x86_64-unknown-linux-gnu/5.3.0/crtbegin.o" "-export-dynamic" "--eh-frame-hdr" "--build-id" "-dynamic-linker" "/lib64/ld-linux-x86-64.so.2" "-m" "elf_x86_64" "-L/opt/intel/composerxe/linux/mpi/intel64/lib/release_mt" "-L/opt/intel/composerxe/linux/mpi/intel64/lib" "-o" "cmTC_39154" "-L/opt/intel/compilers_and_libraries_2016.1.150/linux/compiler/lib/intel64_lin" "-L/usr/lib/gcc/x86_64-unknown-linux-gnu/5.3.0/" "-L/usr/lib/gcc/x86_64-unknown-linux-gnu/5.3.0/../../../../lib64" "-L/usr/lib/gcc/x86_64-unknown-linux-gnu/5.3.0/../../../../lib/" "-L/lib/../lib64" "-L/lib/../lib/" "-L/usr/lib/../lib64" "-L/usr/lib/../lib/" "-L/usr/lib/gcc/x86_64-unknown-linux-gnu/5.3.0/../../../" "-L/lib64" "-L/lib/" "-L/usr/lib64" "-L/usr/lib" "CMakeFiles/cmTC_39154.dir/CMakeCCompilerABI.c.o" "--enable-new-dtags" "-rpath" "/opt/intel/composerxe/linux/mpi/intel64/lib/release_mt" "-rpath" "/opt/intel/composerxe/linux/mpi/intel64/lib" "-rpath" "/opt/intel/mpi-rt/5.1/intel64/lib/release_mt" "-rpath" "/opt/intel/mpi-rt/5.1/intel64/lib" "-lmpifort" "-lmpi" "-lmpigi" "-ldl" "-lrt" "-lpthread" "-Bdynamic" "-Bstatic" "-limf" "-lsvml" "-lirng" "-Bdynamic" "-lm" "-Bstatic" "-lipgo" "-ldecimal" "--as-needed" "-Bdynamic" "-lcilkrts" "-lstdc++" "--no-as-needed" "-lgcc" "-lgcc_s" "-Bstatic" "-lirc" "-lsvml" "-Bdynamic" "-lc" "-lgcc" "-lgcc_s" "-Bstatic" "-lirc_s" "-Bdynamic" "-ldl" "-lc" "/usr/lib/gcc/x86_64-unknown-linux-gnu/5.3.0/crtend.o" "/usr/lib/gcc/x86_64-unknown-linux-gnu/5.3.0/../../../../lib64/crtn.o"" -mIPOPT_il_in_obj -mIPOPT_ipo_activate_warn=FALSE -mIPOPT_obj_output_file_name=/tmp/ipo_iccYTFZZ6.o -mIPOPT_whole_archive_fixup_file_name=/tmp/iccwarchNKT2F1 -mGLOB_linker_version=2.25.1 -mGLOB_long_size_64 -mGLOB_routine_pointer_size_64 -mGLOB_driver_tempfile_name=/tmp/icctempfileiAJydb -mP3OPT_asm_target=P3OPT_ASM_TARGET_GAS -mGLOB_async_unwind_tables=TRUE -mGLOB_obj_output_file=/tmp/ipo_iccYTFZZ6.o -mGLOB_source_dialect=GLOB_SOURCE_DIALECT_NONE -mP1OPT_source_file_name=ipo_out.c CMakeFiles/cmTC_39154.dir/CMakeCCompilerABI.c.o -mIPOPT_object_files=T -mIPOPT_assembly_files=/tmp/iccalisenpnZp -mIPOPT_generated_tempfiles=/tmp/iccelisa4k4tz -mIPOPT_embedded_object_base_name=/tmp/icceobjiwjLYI -mIPOPT_cmdline_link_new_name=/tmp/iccllisTFkstS]
  link line: [ld    /usr/lib/gcc/x86_64-unknown-linux-gnu/5.3.0/../../../../lib64/crt1.o /usr/lib/gcc/x86_64-unknown-linux-gnu/5.3.0/../../../../lib64/crti.o /usr/lib/gcc/x86_64-unknown-linux-gnu/5.3.0/crtbegin.o -export-dynamic --eh-frame-hdr --build-id -dynamic-linker /lib64/ld-linux-x86-64.so.2 -m elf_x86_64 -L/opt/intel/composerxe/linux/mpi/intel64/lib/release_mt -L/opt/intel/composerxe/linux/mpi/intel64/lib -o cmTC_39154 -L/opt/intel/compilers_and_libraries_2016.1.150/linux/compiler/lib/intel64_lin -L/usr/lib/gcc/x86_64-unknown-linux-gnu/5.3.0/ -L/usr/lib/gcc/x86_64-unknown-linux-gnu/5.3.0/../../../../lib64 -L/usr/lib/gcc/x86_64-unknown-linux-gnu/5.3.0/../../../../lib/ -L/lib/../lib64 -L/lib/../lib/ -L/usr/lib/../lib64 -L/usr/lib/../lib/ -L/usr/lib/gcc/x86_64-unknown-linux-gnu/5.3.0/../../../ -L/lib64 -L/lib/ -L/usr/lib64 -L/usr/lib CMakeFiles/cmTC_39154.dir/CMakeCCompilerABI.c.o --enable-new-dtags -rpath /opt/intel/composerxe/linux/mpi/intel64/lib/release_mt -rpath /opt/intel/composerxe/linux/mpi/intel64/lib -rpath /opt/intel/mpi-rt/5.1/intel64/lib/release_mt -rpath /opt/intel/mpi-rt/5.1/intel64/lib -lmpifort -lmpi -lmpigi -ldl -lrt -lpthread -Bdynamic -Bstatic -limf -lsvml -lirng -Bdynamic -lm -Bstatic -lipgo -ldecimal --as-needed -Bdynamic -lcilkrts -lstdc++ --no-as-needed -lgcc -lgcc_s -Bstatic -lirc -lsvml -Bdynamic -lc -lgcc -lgcc_s -Bstatic -lirc_s -Bdynamic -ldl -lc /usr/lib/gcc/x86_64-unknown-linux-gnu/5.3.0/crtend.o /usr/lib/gcc/x86_64-unknown-linux-gnu/5.3.0/../../../../lib64/crtn.o]
    arg [ld] ==> ignore
    arg [/usr/lib/gcc/x86_64-unknown-linux-gnu/5.3.0/../../../../lib64/crt1.o] ==> ignore
    arg [/usr/lib/gcc/x86_64-unknown-linux-gnu/5.3.0/../../../../lib64/crti.o] ==> ignore
    arg [/usr/lib/gcc/x86_64-unknown-linux-gnu/5.3.0/crtbegin.o] ==> ignore
    arg [-export-dynamic] ==> ignore
    arg [--eh-frame-hdr] ==> ignore
    arg [--build-id] ==> ignore
    arg [-dynamic-linker] ==> ignore
    arg [/lib64/ld-linux-x86-64.so.2] ==> ignore
    arg [-m] ==> ignore
    arg [elf_x86_64] ==> ignore
    arg [-L/opt/intel/composerxe/linux/mpi/intel64/lib/release_mt] ==> dir [/opt/intel/composerxe/linux/mpi/intel64/lib/release_mt]
    arg [-L/opt/intel/composerxe/linux/mpi/intel64/lib] ==> dir [/opt/intel/composerxe/linux/mpi/intel64/lib]
    arg [-o] ==> ignore
    arg [cmTC_39154] ==> ignore
    arg [-L/opt/intel/compilers_and_libraries_2016.1.150/linux/compiler/lib/intel64_lin] ==> dir [/opt/intel/compilers_and_libraries_2016.1.150/linux/compiler/lib/intel64_lin]
    arg [-L/usr/lib/gcc/x86_64-unknown-linux-gnu/5.3.0/] ==> dir [/usr/lib/gcc/x86_64-unknown-linux-gnu/5.3.0/]
    arg [-L/usr/lib/gcc/x86_64-unknown-linux-gnu/5.3.0/../../../../lib64] ==> dir [/usr/lib/gcc/x86_64-unknown-linux-gnu/5.3.0/../../../../lib64]
    arg [-L/usr/lib/gcc/x86_64-unknown-linux-gnu/5.3.0/../../../../lib/] ==> dir [/usr/lib/gcc/x86_64-unknown-linux-gnu/5.3.0/../../../../lib/]
    arg [-L/lib/../lib64] ==> dir [/lib/../lib64]
    arg [-L/lib/../lib/] ==> dir [/lib/../lib/]
    arg [-L/usr/lib/../lib64] ==> dir [/usr/lib/../lib64]
    arg [-L/usr/lib/../lib/] ==> dir [/usr/lib/../lib/]
    arg [-L/usr/lib/gcc/x86_64-unknown-linux-gnu/5.3.0/../../../] ==> dir [/usr/lib/gcc/x86_64-unknown-linux-gnu/5.3.0/../../../]
    arg [-L/lib64] ==> dir [/lib64]
    arg [-L/lib/] ==> dir [/lib/]
    arg [-L/usr/lib64] ==> dir [/usr/lib64]
    arg [-L/usr/lib] ==> dir [/usr/lib]
    arg [CMakeFiles/cmTC_39154.dir/CMakeCCompilerABI.c.o] ==> ignore
    arg [--enable-new-dtags] ==> ignore
    arg [-rpath] ==> ignore
    arg [/opt/intel/composerxe/linux/mpi/intel64/lib/release_mt] ==> ignore
    arg [-rpath] ==> ignore
    arg [/opt/intel/composerxe/linux/mpi/intel64/lib] ==> ignore
    arg [-rpath] ==> ignore
    arg [/opt/intel/mpi-rt/5.1/intel64/lib/release_mt] ==> ignore
    arg [-rpath] ==> ignore
    arg [/opt/intel/mpi-rt/5.1/intel64/lib] ==> ignore
    arg [-lmpifort] ==> lib [mpifort]
    arg [-lmpi] ==> lib [mpi]
    arg [-lmpigi] ==> lib [mpigi]
    arg [-ldl] ==> lib [dl]
    arg [-lrt] ==> lib [rt]
    arg [-lpthread] ==> lib [pthread]
    arg [-Bdynamic] ==> ignore
    arg [-Bstatic] ==> ignore
    arg [-limf] ==> lib [imf]
    arg [-lsvml] ==> lib [svml]
    arg [-lirng] ==> lib [irng]
    arg [-Bdynamic] ==> ignore
    arg [-lm] ==> lib [m]
    arg [-Bstatic] ==> ignore
    arg [-lipgo] ==> lib [ipgo]
    arg [-ldecimal] ==> lib [decimal]
    arg [--as-needed] ==> ignore
    arg [-Bdynamic] ==> ignore
    arg [-lcilkrts] ==> lib [cilkrts]
    arg [-lstdc++] ==> lib [stdc++]
    arg [--no-as-needed] ==> ignore
    arg [-lgcc] ==> lib [gcc]
    arg [-lgcc_s] ==> lib [gcc_s]
    arg [-Bstatic] ==> ignore
    arg [-lirc] ==> lib [irc]
    arg [-lsvml] ==> lib [svml]
    arg [-Bdynamic] ==> ignore
    arg [-lc] ==> lib [c]
    arg [-lgcc] ==> lib [gcc]
    arg [-lgcc_s] ==> lib [gcc_s]
    arg [-Bstatic] ==> ignore
    arg [-lirc_s] ==> lib [irc_s]
    arg [-Bdynamic] ==> ignore
    arg [-ldl] ==> lib [dl]
    arg [-lc] ==> lib [c]
    arg [/usr/lib/gcc/x86_64-unknown-linux-gnu/5.3.0/crtend.o] ==> ignore
    arg [/usr/lib/gcc/x86_64-unknown-linux-gnu/5.3.0/../../../../lib64/crtn.o] ==> ignore
  remove lib [gcc]
  remove lib [gcc_s]
  remove lib [gcc]
  remove lib [gcc_s]
  collapse library dir [/opt/intel/composerxe/linux/mpi/intel64/lib/release_mt] ==> [/opt/intel/composerxe/linux/mpi/intel64/lib/release_mt]
  collapse library dir [/opt/intel/composerxe/linux/mpi/intel64/lib] ==> [/opt/intel/composerxe/linux/mpi/intel64/lib]
  collapse library dir [/opt/intel/compilers_and_libraries_2016.1.150/linux/compiler/lib/intel64_lin] ==> [/opt/intel/compilers_and_libraries_2016.1.150/linux/compiler/lib/intel64_lin]
  collapse library dir [/usr/lib/gcc/x86_64-unknown-linux-gnu/5.3.0/] ==> [/usr/lib/gcc/x86_64-unknown-linux-gnu/5.3.0]
  collapse library dir [/usr/lib/gcc/x86_64-unknown-linux-gnu/5.3.0/../../../../lib64] ==> [/usr/lib64]
  collapse library dir [/usr/lib/gcc/x86_64-unknown-linux-gnu/5.3.0/../../../../lib/] ==> [/usr/lib]
  collapse library dir [/lib/../lib64] ==> [/lib64]
  collapse library dir [/lib/../lib/] ==> [/lib]
  collapse library dir [/usr/lib/../lib64] ==> [/usr/lib64]
  collapse library dir [/usr/lib/../lib/] ==> [/usr/lib]
  collapse library dir [/usr/lib/gcc/x86_64-unknown-linux-gnu/5.3.0/../../../] ==> [/usr/lib]
  collapse library dir [/lib64] ==> [/lib64]
  collapse library dir [/lib/] ==> [/lib]
  collapse library dir [/usr/lib64] ==> [/usr/lib64]
  collapse library dir [/usr/lib] ==> [/usr/lib]
  implicit libs: [mpifort;mpi;mpigi;dl;rt;pthread;imf;svml;irng;m;ipgo;decimal;cilkrts;stdc++;irc;svml;c;irc_s;dl;c]
  implicit dirs: [/opt/intel/composerxe/linux/mpi/intel64/lib/release_mt;/opt/intel/composerxe/linux/mpi/intel64/lib;/opt/intel/compilers_and_libraries_2016.1.150/linux/compiler/lib/intel64_lin;/usr/lib/gcc/x86_64-unknown-linux-gnu/5.3.0;/usr/lib64;/usr/lib;/lib64;/lib]
  implicit fwks: []


Determining if the CXX compiler works passed with the following output:
Change Dir: /home/ruman/Project/ae_smoothlife/build/CMakeFiles/CMakeTmp

Run Build Command:"/usr/bin/make" "cmTC_bcc69/fast"
/usr/bin/make -f CMakeFiles/cmTC_bcc69.dir/build.make CMakeFiles/cmTC_bcc69.dir/build
make[1]: Entering directory '/home/ruman/Project/ae_smoothlife/build/CMakeFiles/CMakeTmp'
Building CXX object CMakeFiles/cmTC_bcc69.dir/testCXXCompiler.cxx.o
/opt/intel/composerxe/linux/mpi/intel64/bin/mpiicpc      -o CMakeFiles/cmTC_bcc69.dir/testCXXCompiler.cxx.o -c /home/ruman/Project/ae_smoothlife/build/CMakeFiles/CMakeTmp/testCXXCompiler.cxx
Linking CXX executable cmTC_bcc69
/usr/bin/cmake -E cmake_link_script CMakeFiles/cmTC_bcc69.dir/link.txt --verbose=1
/opt/intel/composerxe/linux/mpi/intel64/bin/mpiicpc        CMakeFiles/cmTC_bcc69.dir/testCXXCompiler.cxx.o  -o cmTC_bcc69 -rdynamic 
make[1]: Leaving directory '/home/ruman/Project/ae_smoothlife/build/CMakeFiles/CMakeTmp'


Detecting CXX compiler ABI info compiled with the following output:
Change Dir: /home/ruman/Project/ae_smoothlife/build/CMakeFiles/CMakeTmp

Run Build Command:"/usr/bin/make" "cmTC_15bcb/fast"
/usr/bin/make -f CMakeFiles/cmTC_15bcb.dir/build.make CMakeFiles/cmTC_15bcb.dir/build
make[1]: Entering directory '/home/ruman/Project/ae_smoothlife/build/CMakeFiles/CMakeTmp'
Building CXX object CMakeFiles/cmTC_15bcb.dir/CMakeCXXCompilerABI.cpp.o
/opt/intel/composerxe/linux/mpi/intel64/bin/mpiicpc      -o CMakeFiles/cmTC_15bcb.dir/CMakeCXXCompilerABI.cpp.o -c /usr/share/cmake-3.4/Modules/CMakeCXXCompilerABI.cpp
Linking CXX executable cmTC_15bcb
/usr/bin/cmake -E cmake_link_script CMakeFiles/cmTC_15bcb.dir/link.txt --verbose=1
/opt/intel/composerxe/linux/mpi/intel64/bin/mpiicpc       -v CMakeFiles/cmTC_15bcb.dir/CMakeCXXCompilerABI.cpp.o  -o cmTC_15bcb -rdynamic  
mpiicpc for the Intel(R) MPI Library 5.1.2 for Linux*
Copyright(C) 2003-2015, Intel Corporation.  All rights reserved.
icpc version 16.0.1 (gcc version 5.3.0 compatibility)
/opt/intel/compilers_and_libraries_2016.1.150/linux/bin/intel64/mcpcom    -mGLOB_em64t=TRUE -mP1OPT_version=16.0-intel64 -mGLOB_diag_file=CMakeFiles/cmTC_15bcb.dir/CMakeCXXCompilerABI.cpp.diag -mP1OPT_print_version=FALSE -mCG_use_gas_got_workaround=F -mP2OPT_align_option_used=TRUE -mGLOB_gcc_version=530 "-mGLOB_options_string=-I/opt/intel/composerxe/linux/mpi/intel64/include -v -o cmTC_15bcb -rdynamic -L/opt/intel/composerxe/linux/mpi/intel64/lib/release_mt -L/opt/intel/composerxe/linux/mpi/intel64/lib -Xlinker --enable-new-dtags -Xlinker -rpath -Xlinker /opt/intel/composerxe/linux/mpi/intel64/lib/release_mt -Xlinker -rpath -Xlinker /opt/intel/composerxe/linux/mpi/intel64/lib -Xlinker -rpath -Xlinker /opt/intel/mpi-rt/5.1/intel64/lib/release_mt -Xlinker -rpath -Xlinker /opt/intel/mpi-rt/5.1/intel64/lib -lmpicxx -lmpifort -lmpi -lmpigi -ldl -lrt -lpthread" -mGLOB_cxx_limited_range=FALSE -mCG_extend_parms=FALSE -mGLOB_compiler_bin_directory=/opt/intel/compilers_and_libraries_2016.1.150/linux/bin/intel64 -mGLOB_as_output_backup_file_name=/tmp/icpc3kO19Nas_.s -mGLOB_dashboard_use_source_name -mIPOPT_activate -mGLOB_product_id_code=0x22006d8e -mP3OPT_use_mspp_call_convention -mP2OPT_subs_out_of_bound=FALSE -mP2OPT_disam_type_based_disam=2 -mP2OPT_disam_assume_ansi_c -mP2OPT_checked_disam_ansi_alias=TRUE -mGLOB_ansi_alias -mPGOPTI_value_profile_use=T -mGLOB_opt_report_use_source_name -mP2OPT_il0_array_sections=TRUE -mGLOB_offload_mode=1 -mP2OPT_offload_unique_var_string=icpc01010422713377V9ewB -mP2OPT_hlo -mP2OPT_hpo_rtt_control=0 -mIPOPT_args_in_regs=0 -mP2OPT_disam_assume_nonstd_intent_in=FALSE -mGLOB_imf_mapping_library=/opt/intel/compilers_and_libraries_2016.1.150/linux/bin/intel64/libiml_attr.so -mPGOPTI_gen_threadsafe_level=0 -mIPOPT_link -mIPOPT_ipo_activate -mIPOPT_mo_activate -mIPOPT_source_files_list=/tmp/icpcslisonSmwh -mIPOPT_mo_global_data -mIPOPT_link_script_file=/tmp/icpcscriptaopPos "-mIPOPT_cmdline_link="/usr/lib/gcc/x86_64-unknown-linux-gnu/5.3.0/../../../../lib64/crt1.o" "/usr/lib/gcc/x86_64-unknown-linux-gnu/5.3.0/../../../../lib64/crti.o" "/usr/lib/gcc/x86_64-unknown-linux-gnu/5.3.0/crtbegin.o" "-export-dynamic" "--eh-frame-hdr" "--build-id" "-dynamic-linker" "/lib64/ld-linux-x86-64.so.2" "-m" "elf_x86_64" "-L/opt/intel/composerxe/linux/mpi/intel64/lib/release_mt" "-L/opt/intel/composerxe/linux/mpi/intel64/lib" "-o" "cmTC_15bcb" "-L/opt/intel/compilers_and_libraries_2016.1.150/linux/compiler/lib/intel64_lin" "-L/usr/lib/gcc/x86_64-unknown-linux-gnu/5.3.0/" "-L/usr/lib/gcc/x86_64-unknown-linux-gnu/5.3.0/../../../../lib64" "-L/usr/lib/gcc/x86_64-unknown-linux-gnu/5.3.0/../../../../lib/" "-L/lib/../lib64" "-L/lib/../lib/" "-L/usr/lib/../lib64" "-L/usr/lib/../lib/" "-L/usr/lib/gcc/x86_64-unknown-linux-gnu/5.3.0/../../../" "-L/lib64" "-L/lib/" "-L/usr/lib64" "-L/usr/lib" "CMakeFiles/cmTC_15bcb.dir/CMakeCXXCompilerABI.cpp.o" "--enable-new-dtags" "-rpath" "/opt/intel/composerxe/linux/mpi/intel64/lib/release_mt" "-rpath" "/opt/intel/composerxe/linux/mpi/intel64/lib" "-rpath" "/opt/intel/mpi-rt/5.1/intel64/lib/release_mt" "-rpath" "/opt/intel/mpi-rt/5.1/intel64/lib" "-lmpicxx" "-lmpifort" "-lmpi" "-lmpigi" "-ldl" "-lrt" "-lpthread" "-Bdynamic" "-Bstatic" "-limf" "-lsvml" "-lirng" "-Bdynamic" "-lm" "-Bstatic" "-lipgo" "-ldecimal" "--as-needed" "-Bdynamic" "-lcilkrts" "--no-as-needed" "-lstdc++" "-lgcc" "-lgcc_s" "-Bstatic" "-lirc" "-lsvml" "-Bdynamic" "-lc" "-lgcc" "-lgcc_s" "-Bstatic" "-lirc_s" "-Bdynamic" "-ldl" "-lc" "/usr/lib/gcc/x86_64-unknown-linux-gnu/5.3.0/crtend.o" "/usr/lib/gcc/x86_64-unknown-linux-gnu/5.3.0/../../../../lib64/crtn.o"" -mIPOPT_il_in_obj -mIPOPT_ipo_activate_warn=FALSE -mIPOPT_obj_output_file_name=/tmp/ipo_icpc1DxCfe.o -mIPOPT_whole_archive_fixup_file_name=/tmp/icpcwarchLdundz -mGLOB_linker_version=2.25.1 -mGLOB_long_size_64 -mGLOB_routine_pointer_size_64 -mGLOB_driver_tempfile_name=/tmp/icpctempfilejqfN8J -mP3OPT_asm_target=P3OPT_ASM_TARGET_GAS -mGLOB_async_unwind_tables=TRUE -mGLOB_obj_output_file=/tmp/ipo_icpc1DxCfe.o -mGLOB_source_dialect=GLOB_SOURCE_DIALECT_NONE -mP1OPT_source_file_name=ipo_out.c CMakeFiles/cmTC_15bcb.dir/CMakeCXXCompilerABI.cpp.o -mIPOPT_object_files=T -mIPOPT_assembly_files=/tmp/icpcalis4U9w0z -mIPOPT_generated_tempfiles=/tmp/icpcelistywZSK -mIPOPT_embedded_object_base_name=/tmp/icpceobjKdWrLV -mIPOPT_cmdline_link_new_name=/tmp/icpcllisFjoUD6
ld    /usr/lib/gcc/x86_64-unknown-linux-gnu/5.3.0/../../../../lib64/crt1.o /usr/lib/gcc/x86_64-unknown-linux-gnu/5.3.0/../../../../lib64/crti.o /usr/lib/gcc/x86_64-unknown-linux-gnu/5.3.0/crtbegin.o -export-dynamic --eh-frame-hdr --build-id -dynamic-linker /lib64/ld-linux-x86-64.so.2 -m elf_x86_64 -L/opt/intel/composerxe/linux/mpi/intel64/lib/release_mt -L/opt/intel/composerxe/linux/mpi/intel64/lib -o cmTC_15bcb -L/opt/intel/compilers_and_libraries_2016.1.150/linux/compiler/lib/intel64_lin -L/usr/lib/gcc/x86_64-unknown-linux-gnu/5.3.0/ -L/usr/lib/gcc/x86_64-unknown-linux-gnu/5.3.0/../../../../lib64 -L/usr/lib/gcc/x86_64-unknown-linux-gnu/5.3.0/../../../../lib/ -L/lib/../lib64 -L/lib/../lib/ -L/usr/lib/../lib64 -L/usr/lib/../lib/ -L/usr/lib/gcc/x86_64-unknown-linux-gnu/5.3.0/../../../ -L/lib64 -L/lib/ -L/usr/lib64 -L/usr/lib CMakeFiles/cmTC_15bcb.dir/CMakeCXXCompilerABI.cpp.o --enable-new-dtags -rpath /opt/intel/composerxe/linux/mpi/intel64/lib/release_mt -rpath /opt/intel/composerxe/linux/mpi/intel64/lib -rpath /opt/intel/mpi-rt/5.1/intel64/lib/release_mt -rpath /opt/intel/mpi-rt/5.1/intel64/lib -lmpicxx -lmpifort -lmpi -lmpigi -ldl -lrt -lpthread -Bdynamic -Bstatic -limf -lsvml -lirng -Bdynamic -lm -Bstatic -lipgo -ldecimal --as-needed -Bdynamic -lcilkrts --no-as-needed -lstdc++ -lgcc -lgcc_s -Bstatic -lirc -lsvml -Bdynamic -lc -lgcc -lgcc_s -Bstatic -lirc_s -Bdynamic -ldl -lc /usr/lib/gcc/x86_64-unknown-linux-gnu/5.3.0/crtend.o /usr/lib/gcc/x86_64-unknown-linux-gnu/5.3.0/../../../../lib64/crtn.o
make[1]: Leaving directory '/home/ruman/Project/ae_smoothlife/build/CMakeFiles/CMakeTmp'


Parsed CXX implicit link information from above output:
  link line regex: [^( *|.*[/\])(ld|([^/\]+-)?ld|collect2)[^/\]*( |$)]
  ignore line: [Change Dir: /home/ruman/Project/ae_smoothlife/build/CMakeFiles/CMakeTmp]
  ignore line: []
  ignore line: [Run Build Command:"/usr/bin/make" "cmTC_15bcb/fast"]
  ignore line: [/usr/bin/make -f CMakeFiles/cmTC_15bcb.dir/build.make CMakeFiles/cmTC_15bcb.dir/build]
  ignore line: [make[1]: Entering directory '/home/ruman/Project/ae_smoothlife/build/CMakeFiles/CMakeTmp']
  ignore line: [Building CXX object CMakeFiles/cmTC_15bcb.dir/CMakeCXXCompilerABI.cpp.o]
  ignore line: [/opt/intel/composerxe/linux/mpi/intel64/bin/mpiicpc      -o CMakeFiles/cmTC_15bcb.dir/CMakeCXXCompilerABI.cpp.o -c /usr/share/cmake-3.4/Modules/CMakeCXXCompilerABI.cpp]
  ignore line: [Linking CXX executable cmTC_15bcb]
  ignore line: [/usr/bin/cmake -E cmake_link_script CMakeFiles/cmTC_15bcb.dir/link.txt --verbose=1]
  ignore line: [/opt/intel/composerxe/linux/mpi/intel64/bin/mpiicpc       -v CMakeFiles/cmTC_15bcb.dir/CMakeCXXCompilerABI.cpp.o  -o cmTC_15bcb -rdynamic  ]
  ignore line: [mpiicpc for the Intel(R) MPI Library 5.1.2 for Linux*]
  ignore line: [Copyright(C) 2003-2015, Intel Corporation.  All rights reserved.]
  ignore line: [icpc version 16.0.1 (gcc version 5.3.0 compatibility)]
  ignore line: [/opt/intel/compilers_and_libraries_2016.1.150/linux/bin/intel64/mcpcom    -mGLOB_em64t=TRUE -mP1OPT_version=16.0-intel64 -mGLOB_diag_file=CMakeFiles/cmTC_15bcb.dir/CMakeCXXCompilerABI.cpp.diag -mP1OPT_print_version=FALSE -mCG_use_gas_got_workaround=F -mP2OPT_align_option_used=TRUE -mGLOB_gcc_version=530 "-mGLOB_options_string=-I/opt/intel/composerxe/linux/mpi/intel64/include -v -o cmTC_15bcb -rdynamic -L/opt/intel/composerxe/linux/mpi/intel64/lib/release_mt -L/opt/intel/composerxe/linux/mpi/intel64/lib -Xlinker --enable-new-dtags -Xlinker -rpath -Xlinker /opt/intel/composerxe/linux/mpi/intel64/lib/release_mt -Xlinker -rpath -Xlinker /opt/intel/composerxe/linux/mpi/intel64/lib -Xlinker -rpath -Xlinker /opt/intel/mpi-rt/5.1/intel64/lib/release_mt -Xlinker -rpath -Xlinker /opt/intel/mpi-rt/5.1/intel64/lib -lmpicxx -lmpifort -lmpi -lmpigi -ldl -lrt -lpthread" -mGLOB_cxx_limited_range=FALSE -mCG_extend_parms=FALSE -mGLOB_compiler_bin_directory=/opt/intel/compilers_and_libraries_2016.1.150/linux/bin/intel64 -mGLOB_as_output_backup_file_name=/tmp/icpc3kO19Nas_.s -mGLOB_dashboard_use_source_name -mIPOPT_activate -mGLOB_product_id_code=0x22006d8e -mP3OPT_use_mspp_call_convention -mP2OPT_subs_out_of_bound=FALSE -mP2OPT_disam_type_based_disam=2 -mP2OPT_disam_assume_ansi_c -mP2OPT_checked_disam_ansi_alias=TRUE -mGLOB_ansi_alias -mPGOPTI_value_profile_use=T -mGLOB_opt_report_use_source_name -mP2OPT_il0_array_sections=TRUE -mGLOB_offload_mode=1 -mP2OPT_offload_unique_var_string=icpc01010422713377V9ewB -mP2OPT_hlo -mP2OPT_hpo_rtt_control=0 -mIPOPT_args_in_regs=0 -mP2OPT_disam_assume_nonstd_intent_in=FALSE -mGLOB_imf_mapping_library=/opt/intel/compilers_and_libraries_2016.1.150/linux/bin/intel64/libiml_attr.so -mPGOPTI_gen_threadsafe_level=0 -mIPOPT_link -mIPOPT_ipo_activate -mIPOPT_mo_activate -mIPOPT_source_files_list=/tmp/icpcslisonSmwh -mIPOPT_mo_global_data -mIPOPT_link_script_file=/tmp/icpcscriptaopPos "-mIPOPT_cmdline_link="/usr/lib/gcc/x86_64-unknown-linux-gnu/5.3.0/../../../../lib64/crt1.o" "/usr/lib/gcc/x86_64-unknown-linux-gnu/5.3.0/../../../../lib64/crti.o" "/usr/lib/gcc/x86_64-unknown-linux-gnu/5.3.0/crtbegin.o" "-export-dynamic" "--eh-frame-hdr" "--build-id" "-dynamic-linker" "/lib64/ld-linux-x86-64.so.2" "-m" "elf_x86_64" "-L/opt/intel/composerxe/linux/mpi/intel64/lib/release_mt" "-L/opt/intel/composerxe/linux/mpi/intel64/lib" "-o" "cmTC_15bcb" "-L/opt/intel/compilers_and_libraries_2016.1.150/linux/compiler/lib/intel64_lin" "-L/usr/lib/gcc/x86_64-unknown-linux-gnu/5.3.0/" "-L/usr/lib/gcc/x86_64-unknown-linux-gnu/5.3.0/../../../../lib64" "-L/usr/lib/gcc/x86_64-unknown-linux-gnu/5.3.0/../../../../lib/" "-L/lib/../lib64" "-L/lib/../lib/" "-L/usr/lib/../lib64" "-L/usr/lib/../lib/" "-L/usr/lib/gcc/x86_64-unknown-linux-gnu/5.3.0/../../../" "-L/lib64" "-L/lib/" "-L/usr/lib64" "-L/usr/lib" "CMakeFiles/cmTC_15bcb.dir/CMakeCXXCompilerABI.cpp.o" "--enable-new-dtags" "-rpath" "/opt/intel/composerxe/linux/mpi/intel64/lib/release_mt" "-rpath" "/opt/intel/composerxe/linux/mpi/intel64/lib" "-rpath" "/opt/intel/mpi-rt/5.1/intel64/lib/release_mt" "-rpath" "/opt/intel/mpi-rt/5.1/intel64/lib" "-lmpicxx" "-lmpifort" "-lmpi" "-lmpigi" "-ldl" "-lrt" "-lpthread" "-Bdynamic" "-Bstatic" "-limf" "-lsvml" "-lirng" "-Bdynamic" "-lm" "-Bstatic" "-lipgo" "-ldecimal" "--as-needed" "-Bdynamic" "-lcilkrts" "--no-as-needed" "-lstdc++" "-lgcc" "-lgcc_s" "-Bstatic" "-lirc" "-lsvml" "-Bdynamic" "-lc" "-lgcc" "-lgcc_s" "-Bstatic" "-lirc_s" "-Bdynamic" "-ldl" "-lc" "/usr/lib/gcc/x86_64-unknown-linux-gnu/5.3.0/crtend.o" "/usr/lib/gcc/x86_64-unknown-linux-gnu/5.3.0/../../../../lib64/crtn.o"" -mIPOPT_il_in_obj -mIPOPT_ipo_activate_warn=FALSE -mIPOPT_obj_output_file_name=/tmp/ipo_icpc1DxCfe.o -mIPOPT_whole_archive_fixup_file_name=/tmp/icpcwarchLdundz -mGLOB_linker_version=2.25.1 -mGLOB_long_size_64 -mGLOB_routine_pointer_size_64 -mGLOB_driver_tempfile_name=/tmp/icpctempfilejqfN8J -mP3OPT_asm_target=P3OPT_ASM_TARGET_GAS -mGLOB_async_unwind_tables=TRUE -mGLOB_obj_output_file=/tmp/ipo_icpc1DxCfe.o -mGLOB_source_dialect=GLOB_SOURCE_DIALECT_NONE -mP1OPT_source_file_name=ipo_out.c CMakeFiles/cmTC_15bcb.dir/CMakeCXXCompilerABI.cpp.o -mIPOPT_object_files=T -mIPOPT_assembly_files=/tmp/icpcalis4U9w0z -mIPOPT_generated_tempfiles=/tmp/icpcelistywZSK -mIPOPT_embedded_object_base_name=/tmp/icpceobjKdWrLV -mIPOPT_cmdline_link_new_name=/tmp/icpcllisFjoUD6]
  link line: [ld    /usr/lib/gcc/x86_64-unknown-linux-gnu/5.3.0/../../../../lib64/crt1.o /usr/lib/gcc/x86_64-unknown-linux-gnu/5.3.0/../../../../lib64/crti.o /usr/lib/gcc/x86_64-unknown-linux-gnu/5.3.0/crtbegin.o -export-dynamic --eh-frame-hdr --build-id -dynamic-linker /lib64/ld-linux-x86-64.so.2 -m elf_x86_64 -L/opt/intel/composerxe/linux/mpi/intel64/lib/release_mt -L/opt/intel/composerxe/linux/mpi/intel64/lib -o cmTC_15bcb -L/opt/intel/compilers_and_libraries_2016.1.150/linux/compiler/lib/intel64_lin -L/usr/lib/gcc/x86_64-unknown-linux-gnu/5.3.0/ -L/usr/lib/gcc/x86_64-unknown-linux-gnu/5.3.0/../../../../lib64 -L/usr/lib/gcc/x86_64-unknown-linux-gnu/5.3.0/../../../../lib/ -L/lib/../lib64 -L/lib/../lib/ -L/usr/lib/../lib64 -L/usr/lib/../lib/ -L/usr/lib/gcc/x86_64-unknown-linux-gnu/5.3.0/../../../ -L/lib64 -L/lib/ -L/usr/lib64 -L/usr/lib CMakeFiles/cmTC_15bcb.dir/CMakeCXXCompilerABI.cpp.o --enable-new-dtags -rpath /opt/intel/composerxe/linux/mpi/intel64/lib/release_mt -rpath /opt/intel/composerxe/linux/mpi/intel64/lib -rpath /opt/intel/mpi-rt/5.1/intel64/lib/release_mt -rpath /opt/intel/mpi-rt/5.1/intel64/lib -lmpicxx -lmpifort -lmpi -lmpigi -ldl -lrt -lpthread -Bdynamic -Bstatic -limf -lsvml -lirng -Bdynamic -lm -Bstatic -lipgo -ldecimal --as-needed -Bdynamic -lcilkrts --no-as-needed -lstdc++ -lgcc -lgcc_s -Bstatic -lirc -lsvml -Bdynamic -lc -lgcc -lgcc_s -Bstatic -lirc_s -Bdynamic -ldl -lc /usr/lib/gcc/x86_64-unknown-linux-gnu/5.3.0/crtend.o /usr/lib/gcc/x86_64-unknown-linux-gnu/5.3.0/../../../../lib64/crtn.o]
    arg [ld] ==> ignore
    arg [/usr/lib/gcc/x86_64-unknown-linux-gnu/5.3.0/../../../../lib64/crt1.o] ==> ignore
    arg [/usr/lib/gcc/x86_64-unknown-linux-gnu/5.3.0/../../../../lib64/crti.o] ==> ignore
    arg [/usr/lib/gcc/x86_64-unknown-linux-gnu/5.3.0/crtbegin.o] ==> ignore
    arg [-export-dynamic] ==> ignore
    arg [--eh-frame-hdr] ==> ignore
    arg [--build-id] ==> ignore
    arg [-dynamic-linker] ==> ignore
    arg [/lib64/ld-linux-x86-64.so.2] ==> ignore
    arg [-m] ==> ignore
    arg [elf_x86_64] ==> ignore
    arg [-L/opt/intel/composerxe/linux/mpi/intel64/lib/release_mt] ==> dir [/opt/intel/composerxe/linux/mpi/intel64/lib/release_mt]
    arg [-L/opt/intel/composerxe/linux/mpi/intel64/lib] ==> dir [/opt/intel/composerxe/linux/mpi/intel64/lib]
    arg [-o] ==> ignore
    arg [cmTC_15bcb] ==> ignore
    arg [-L/opt/intel/compilers_and_libraries_2016.1.150/linux/compiler/lib/intel64_lin] ==> dir [/opt/intel/compilers_and_libraries_2016.1.150/linux/compiler/lib/intel64_lin]
    arg [-L/usr/lib/gcc/x86_64-unknown-linux-gnu/5.3.0/] ==> dir [/usr/lib/gcc/x86_64-unknown-linux-gnu/5.3.0/]
    arg [-L/usr/lib/gcc/x86_64-unknown-linux-gnu/5.3.0/../../../../lib64] ==> dir [/usr/lib/gcc/x86_64-unknown-linux-gnu/5.3.0/../../../../lib64]
    arg [-L/usr/lib/gcc/x86_64-unknown-linux-gnu/5.3.0/../../../../lib/] ==> dir [/usr/lib/gcc/x86_64-unknown-linux-gnu/5.3.0/../../../../lib/]
    arg [-L/lib/../lib64] ==> dir [/lib/../lib64]
    arg [-L/lib/../lib/] ==> dir [/lib/../lib/]
    arg [-L/usr/lib/../lib64] ==> dir [/usr/lib/../lib64]
    arg [-L/usr/lib/../lib/] ==> dir [/usr/lib/../lib/]
    arg [-L/usr/lib/gcc/x86_64-unknown-linux-gnu/5.3.0/../../../] ==> dir [/usr/lib/gcc/x86_64-unknown-linux-gnu/5.3.0/../../../]
    arg [-L/lib64] ==> dir [/lib64]
    arg [-L/lib/] ==> dir [/lib/]
    arg [-L/usr/lib64] ==> dir [/usr/lib64]
    arg [-L/usr/lib] ==> dir [/usr/lib]
    arg [CMakeFiles/cmTC_15bcb.dir/CMakeCXXCompilerABI.cpp.o] ==> ignore
    arg [--enable-new-dtags] ==> ignore
    arg [-rpath] ==> ignore
    arg [/opt/intel/composerxe/linux/mpi/intel64/lib/release_mt] ==> ignore
    arg [-rpath] ==> ignore
    arg [/opt/intel/composerxe/linux/mpi/intel64/lib] ==> ignore
    arg [-rpath] ==> ignore
    arg [/opt/intel/mpi-rt/5.1/intel64/lib/release_mt] ==> ignore
    arg [-rpath] ==> ignore
    arg [/opt/intel/mpi-rt/5.1/intel64/lib] ==> ignore
    arg [-lmpicxx] ==> lib [mpicxx]
    arg [-lmpifort] ==> lib [mpifort]
    arg [-lmpi] ==> lib [mpi]
    arg [-lmpigi] ==> lib [mpigi]
    arg [-ldl] ==> lib [dl]
    arg [-lrt] ==> lib [rt]
    arg [-lpthread] ==> lib [pthread]
    arg [-Bdynamic] ==> ignore
    arg [-Bstatic] ==> ignore
    arg [-limf] ==> lib [imf]
    arg [-lsvml] ==> lib [svml]
    arg [-lirng] ==> lib [irng]
    arg [-Bdynamic] ==> ignore
    arg [-lm] ==> lib [m]
    arg [-Bstatic] ==> ignore
    arg [-lipgo] ==> lib [ipgo]
    arg [-ldecimal] ==> lib [decimal]
    arg [--as-needed] ==> ignore
    arg [-Bdynamic] ==> ignore
    arg [-lcilkrts] ==> lib [cilkrts]
    arg [--no-as-needed] ==> ignore
    arg [-lstdc++] ==> lib [stdc++]
    arg [-lgcc] ==> lib [gcc]
    arg [-lgcc_s] ==> lib [gcc_s]
    arg [-Bstatic] ==> ignore
    arg [-lirc] ==> lib [irc]
    arg [-lsvml] ==> lib [svml]
    arg [-Bdynamic] ==> ignore
    arg [-lc] ==> lib [c]
    arg [-lgcc] ==> lib [gcc]
    arg [-lgcc_s] ==> lib [gcc_s]
    arg [-Bstatic] ==> ignore
    arg [-lirc_s] ==> lib [irc_s]
    arg [-Bdynamic] ==> ignore
    arg [-ldl] ==> lib [dl]
    arg [-lc] ==> lib [c]
    arg [/usr/lib/gcc/x86_64-unknown-linux-gnu/5.3.0/crtend.o] ==> ignore
    arg [/usr/lib/gcc/x86_64-unknown-linux-gnu/5.3.0/../../../../lib64/crtn.o] ==> ignore
  remove lib [gcc]
  remove lib [gcc_s]
  remove lib [gcc]
  remove lib [gcc_s]
  collapse library dir [/opt/intel/composerxe/linux/mpi/intel64/lib/release_mt] ==> [/opt/intel/composerxe/linux/mpi/intel64/lib/release_mt]
  collapse library dir [/opt/intel/composerxe/linux/mpi/intel64/lib] ==> [/opt/intel/composerxe/linux/mpi/intel64/lib]
  collapse library dir [/opt/intel/compilers_and_libraries_2016.1.150/linux/compiler/lib/intel64_lin] ==> [/opt/intel/compilers_and_libraries_2016.1.150/linux/compiler/lib/intel64_lin]
  collapse library dir [/usr/lib/gcc/x86_64-unknown-linux-gnu/5.3.0/] ==> [/usr/lib/gcc/x86_64-unknown-linux-gnu/5.3.0]
  collapse library dir [/usr/lib/gcc/x86_64-unknown-linux-gnu/5.3.0/../../../../lib64] ==> [/usr/lib64]
  collapse library dir [/usr/lib/gcc/x86_64-unknown-linux-gnu/5.3.0/../../../../lib/] ==> [/usr/lib]
  collapse library dir [/lib/../lib64] ==> [/lib64]
  collapse library dir [/lib/../lib/] ==> [/lib]
  collapse library dir [/usr/lib/../lib64] ==> [/usr/lib64]
  collapse library dir [/usr/lib/../lib/] ==> [/usr/lib]
  collapse library dir [/usr/lib/gcc/x86_64-unknown-linux-gnu/5.3.0/../../../] ==> [/usr/lib]
  collapse library dir [/lib64] ==> [/lib64]
  collapse library dir [/lib/] ==> [/lib]
  collapse library dir [/usr/lib64] ==> [/usr/lib64]
  collapse library dir [/usr/lib] ==> [/usr/lib]
  implicit libs: [mpicxx;mpifort;mpi;mpigi;dl;rt;pthread;imf;svml;irng;m;ipgo;decimal;cilkrts;stdc++;irc;svml;c;irc_s;dl;c]
  implicit dirs: [/opt/intel/composerxe/linux/mpi/intel64/lib/release_mt;/opt/intel/composerxe/linux/mpi/intel64/lib;/opt/intel/compilers_and_libraries_2016.1.150/linux/compiler/lib/intel64_lin;/usr/lib/gcc/x86_64-unknown-linux-gnu/5.3.0;/usr/lib64;/usr/lib;/lib64;/lib]
  implicit fwks: []


Determining if the include file pthread.h exists passed with the following output:
Change Dir: /home/ruman/Project/ae_smoothlife/build/CMakeFiles/CMakeTmp

Run Build Command:"/usr/bin/make" "cmTC_0cc26/fast"
/usr/bin/make -f CMakeFiles/cmTC_0cc26.dir/build.make CMakeFiles/cmTC_0cc26.dir/build
make[1]: Entering directory '/home/ruman/Project/ae_smoothlife/build/CMakeFiles/CMakeTmp'
Building C object CMakeFiles/cmTC_0cc26.dir/CheckIncludeFile.c.o
/opt/intel/composerxe/linux/mpi/intel64/bin/mpiicc     -o CMakeFiles/cmTC_0cc26.dir/CheckIncludeFile.c.o   -c /home/ruman/Project/ae_smoothlife/build/CMakeFiles/CMakeTmp/CheckIncludeFile.c
Linking C executable cmTC_0cc26
/usr/bin/cmake -E cmake_link_script CMakeFiles/cmTC_0cc26.dir/link.txt --verbose=1
/opt/intel/composerxe/linux/mpi/intel64/bin/mpiicc       CMakeFiles/cmTC_0cc26.dir/CheckIncludeFile.c.o  -o cmTC_0cc26 -rdynamic 
make[1]: Leaving directory '/home/ruman/Project/ae_smoothlife/build/CMakeFiles/CMakeTmp'


Determining if the pthread_create exist passed with the following output:
Change Dir: /home/ruman/Project/ae_smoothlife/build/CMakeFiles/CMakeTmp

Run Build Command:"/usr/bin/make" "cmTC_9a8fa/fast"
/usr/bin/make -f CMakeFiles/cmTC_9a8fa.dir/build.make CMakeFiles/cmTC_9a8fa.dir/build
make[1]: Entering directory '/home/ruman/Project/ae_smoothlife/build/CMakeFiles/CMakeTmp'
Building C object CMakeFiles/cmTC_9a8fa.dir/CheckSymbolExists.c.o
/opt/intel/composerxe/linux/mpi/intel64/bin/mpiicc     -o CMakeFiles/cmTC_9a8fa.dir/CheckSymbolExists.c.o   -c /home/ruman/Project/ae_smoothlife/build/CMakeFiles/CMakeTmp/CheckSymbolExists.c
Linking C executable cmTC_9a8fa
/usr/bin/cmake -E cmake_link_script CMakeFiles/cmTC_9a8fa.dir/link.txt --verbose=1
/opt/intel/composerxe/linux/mpi/intel64/bin/mpiicc       CMakeFiles/cmTC_9a8fa.dir/CheckSymbolExists.c.o  -o cmTC_9a8fa -rdynamic 
make[1]: Leaving directory '/home/ruman/Project/ae_smoothlife/build/CMakeFiles/CMakeTmp'

File /home/ruman/Project/ae_smoothlife/build/CMakeFiles/CMakeTmp/CheckSymbolExists.c:
/* */
#include <pthread.h>

int main(int argc, char** argv)
{
  (void)argv;
#ifndef pthread_create
  return ((int*)(&pthread_create))[argc];
#else
  (void)argc;
  return 0;
#endif
}

